<?xml version="1.0" encoding="UTF-8"?>
<coverage generated="1699811500133" clover="3.2.0">
  <project timestamp="1699811500133" name="All files">
    <metrics statements="106" coveredstatements="82" conditionals="57" coveredconditionals="34" methods="34" coveredmethods="24" elements="197" coveredelements="140" complexity="0" loc="106" ncloc="106" packages="12" files="22" classes="22"/>
    <package name="data.models">
      <metrics statements="7" coveredstatements="7" conditionals="0" coveredconditionals="0" methods="2" coveredmethods="2"/>
      <file name="FinancialProductModel.ts" path="/Users/diegofernandosaavedralozano/Desktop/PruebaTecnica/pruebaBancoPichincha/data/models/FinancialProductModel.ts">
        <metrics statements="7" coveredstatements="7" conditionals="0" coveredconditionals="0" methods="2" coveredmethods="2"/>
        <line num="26" count="2" type="stmt"/>
        <line num="27" count="2" type="stmt"/>
        <line num="28" count="2" type="stmt"/>
        <line num="29" count="2" type="stmt"/>
        <line num="30" count="2" type="stmt"/>
        <line num="31" count="2" type="stmt"/>
        <line num="35" count="1" type="stmt"/>
      </file>
    </package>
    <package name="ui.assets">
      <metrics statements="2" coveredstatements="2" conditionals="0" coveredconditionals="0" methods="0" coveredmethods="0"/>
      <file name="close.png" path="/Users/diegofernandosaavedralozano/Desktop/PruebaTecnica/pruebaBancoPichincha/ui/assets/close.png">
        <metrics statements="1" coveredstatements="1" conditionals="0" coveredconditionals="0" methods="0" coveredmethods="0"/>
        <line num="1" count="1" type="stmt"/>
      </file>
      <file name="rightArrow.png" path="/Users/diegofernandosaavedralozano/Desktop/PruebaTecnica/pruebaBancoPichincha/ui/assets/rightArrow.png">
        <metrics statements="1" coveredstatements="1" conditionals="0" coveredconditionals="0" methods="0" coveredmethods="0"/>
        <line num="1" count="1" type="stmt"/>
      </file>
    </package>
    <package name="ui.components.DatePickerInput">
      <metrics statements="11" coveredstatements="6" conditionals="14" coveredconditionals="6" methods="3" coveredmethods="1"/>
      <file name="index.tsx" path="/Users/diegofernandosaavedralozano/Desktop/PruebaTecnica/pruebaBancoPichincha/ui/components/DatePickerInput/index.tsx">
        <metrics statements="10" coveredstatements="5" conditionals="14" coveredconditionals="6" methods="3" coveredmethods="1"/>
        <line num="6" count="1" type="stmt"/>
        <line num="7" count="2" type="stmt"/>
        <line num="9" count="2" type="stmt"/>
        <line num="10" count="0" type="stmt"/>
        <line num="11" count="0" type="cond" truecount="0" falsecount="2"/>
        <line num="12" count="0" type="stmt"/>
        <line num="13" count="0" type="stmt"/>
        <line num="17" count="2" type="cond" truecount="1" falsecount="1"/>
        <line num="19" count="2" type="stmt"/>
        <line num="26" count="0" type="stmt"/>
      </file>
      <file name="styles.tsx" path="/Users/diegofernandosaavedralozano/Desktop/PruebaTecnica/pruebaBancoPichincha/ui/components/DatePickerInput/styles.tsx">
        <metrics statements="1" coveredstatements="1" conditionals="0" coveredconditionals="0" methods="0" coveredmethods="0"/>
        <line num="3" count="1" type="stmt"/>
      </file>
    </package>
    <package name="ui.components.DeleteProductModal">
      <metrics statements="17" coveredstatements="12" conditionals="2" coveredconditionals="1" methods="5" coveredmethods="3"/>
      <file name="index.tsx" path="/Users/diegofernandosaavedralozano/Desktop/PruebaTecnica/pruebaBancoPichincha/ui/components/DeleteProductModal/index.tsx">
        <metrics statements="16" coveredstatements="11" conditionals="2" coveredconditionals="1" methods="5" coveredmethods="3"/>
        <line num="18" count="1" type="stmt"/>
        <line num="25" count="2" type="stmt"/>
        <line num="26" count="2" type="stmt"/>
        <line num="28" count="2" type="stmt"/>
        <line num="29" count="2" type="cond" truecount="1" falsecount="1"/>
        <line num="30" count="2" type="stmt"/>
        <line num="36" count="0" type="stmt"/>
        <line num="44" count="2" type="stmt"/>
        <line num="45" count="0" type="stmt"/>
        <line num="46" count="0" type="stmt"/>
        <line num="47" count="0" type="stmt"/>
        <line num="50" count="2" type="stmt"/>
        <line num="51" count="1" type="stmt"/>
        <line num="54" count="2" type="stmt"/>
        <line num="66" count="2" type="stmt"/>
        <line num="71" count="0" type="stmt"/>
      </file>
      <file name="styles.tsx" path="/Users/diegofernandosaavedralozano/Desktop/PruebaTecnica/pruebaBancoPichincha/ui/components/DeleteProductModal/styles.tsx">
        <metrics statements="1" coveredstatements="1" conditionals="0" coveredconditionals="0" methods="0" coveredmethods="0"/>
        <line num="4" count="1" type="stmt"/>
      </file>
    </package>
    <package name="ui.components.ProductForm">
      <metrics statements="18" coveredstatements="13" conditionals="23" coveredconditionals="16" methods="4" coveredmethods="3"/>
      <file name="index.tsx" path="/Users/diegofernandosaavedralozano/Desktop/PruebaTecnica/pruebaBancoPichincha/ui/components/ProductForm/index.tsx">
        <metrics statements="17" coveredstatements="12" conditionals="23" coveredconditionals="16" methods="4" coveredmethods="3"/>
        <line num="12" count="1" type="stmt"/>
        <line num="21" count="1" type="cond" truecount="0" falsecount="1"/>
        <line num="22" count="1" type="stmt"/>
        <line num="38" count="1" type="stmt"/>
        <line num="41" count="6" type="stmt"/>
        <line num="42" count="6" type="cond" truecount="2" falsecount="0"/>
        <line num="43" count="1" type="stmt"/>
        <line num="46" count="6" type="stmt"/>
        <line num="47" count="6" type="cond" truecount="1" falsecount="1"/>
        <line num="51" count="0" type="stmt"/>
        <line num="53" count="6" type="stmt"/>
        <line num="55" count="6" type="cond" truecount="2" falsecount="2"/>
        <line num="59" count="6" type="stmt"/>
        <line num="86" count="0" type="stmt"/>
        <line num="87" count="0" type="stmt"/>
        <line num="88" count="0" type="stmt"/>
        <line num="89" count="0" type="stmt"/>
      </file>
      <file name="styles.tsx" path="/Users/diegofernandosaavedralozano/Desktop/PruebaTecnica/pruebaBancoPichincha/ui/components/ProductForm/styles.tsx">
        <metrics statements="1" coveredstatements="1" conditionals="0" coveredconditionals="0" methods="0" coveredmethods="0"/>
        <line num="3" count="1" type="stmt"/>
      </file>
    </package>
    <package name="ui.components.StyledButton">
      <metrics statements="3" coveredstatements="3" conditionals="2" coveredconditionals="2" methods="1" coveredmethods="1"/>
      <file name="index.tsx" path="/Users/diegofernandosaavedralozano/Desktop/PruebaTecnica/pruebaBancoPichincha/ui/components/StyledButton/index.tsx">
        <metrics statements="3" coveredstatements="3" conditionals="2" coveredconditionals="2" methods="1" coveredmethods="1"/>
        <line num="10" count="5" type="stmt"/>
        <line num="11" count="14" type="stmt"/>
        <line num="23" count="5" type="stmt"/>
      </file>
    </package>
    <package name="ui.constants">
      <metrics statements="1" coveredstatements="1" conditionals="0" coveredconditionals="0" methods="0" coveredmethods="0"/>
      <file name="colors.ts" path="/Users/diegofernandosaavedralozano/Desktop/PruebaTecnica/pruebaBancoPichincha/ui/constants/colors.ts">
        <metrics statements="1" coveredstatements="1" conditionals="0" coveredconditionals="0" methods="0" coveredmethods="0"/>
        <line num="1" count="5" type="stmt"/>
      </file>
    </package>
    <package name="ui.navigation">
      <metrics statements="0" coveredstatements="0" conditionals="0" coveredconditionals="0" methods="0" coveredmethods="0"/>
      <file name="NavigationRoutes.ts" path="/Users/diegofernandosaavedralozano/Desktop/PruebaTecnica/pruebaBancoPichincha/ui/navigation/NavigationRoutes.ts">
        <metrics statements="0" coveredstatements="0" conditionals="0" coveredconditionals="0" methods="0" coveredmethods="0"/>
      </file>
    </package>
    <package name="ui.screens.ProductDetailScreen">
      <metrics statements="15" coveredstatements="14" conditionals="8" coveredconditionals="5" methods="5" coveredmethods="5"/>
      <file name="index.tsx" path="/Users/diegofernandosaavedralozano/Desktop/PruebaTecnica/pruebaBancoPichincha/ui/screens/ProductDetailScreen/index.tsx">
        <metrics statements="14" coveredstatements="13" conditionals="8" coveredconditionals="5" methods="5" coveredmethods="5"/>
        <line num="11" count="1" type="stmt"/>
        <line num="15" count="2" type="stmt"/>
        <line num="16" count="2" type="stmt"/>
        <line num="18" count="2" type="stmt"/>
        <line num="20" count="2" type="stmt"/>
        <line num="22" count="2" type="cond" truecount="1" falsecount="1"/>
        <line num="23" count="0" type="stmt"/>
        <line num="31" count="2" type="cond" truecount="1" falsecount="1"/>
        <line num="36" count="2" type="cond" truecount="1" falsecount="1"/>
        <line num="40" count="2" type="stmt"/>
        <line num="59" count="1" type="stmt"/>
        <line num="76" count="1" type="stmt"/>
        <line num="91" count="1" type="stmt"/>
        <line num="92" count="10" type="stmt"/>
      </file>
      <file name="styles.tsx" path="/Users/diegofernandosaavedralozano/Desktop/PruebaTecnica/pruebaBancoPichincha/ui/screens/ProductDetailScreen/styles.tsx">
        <metrics statements="1" coveredstatements="1" conditionals="0" coveredconditionals="0" methods="0" coveredmethods="0"/>
        <line num="3" count="1" type="stmt"/>
      </file>
    </package>
    <package name="ui.screens.ProductListingScreen">
      <metrics statements="14" coveredstatements="13" conditionals="6" coveredconditionals="3" methods="7" coveredmethods="7"/>
      <file name="index.tsx" path="/Users/diegofernandosaavedralozano/Desktop/PruebaTecnica/pruebaBancoPichincha/ui/screens/ProductListingScreen/index.tsx">
        <metrics statements="13" coveredstatements="12" conditionals="6" coveredconditionals="3" methods="7" coveredmethods="7"/>
        <line num="15" count="1" type="stmt"/>
        <line num="16" count="2" type="stmt"/>
        <line num="17" count="2" type="stmt"/>
        <line num="19" count="2" type="stmt"/>
        <line num="20" count="1" type="stmt"/>
        <line num="23" count="2" type="cond" truecount="1" falsecount="1"/>
        <line num="24" count="0" type="stmt"/>
        <line num="27" count="2" type="stmt"/>
        <line num="42" count="2" type="cond" truecount="1" falsecount="1"/>
        <line num="45" count="2" type="stmt"/>
        <line num="46" count="3" type="stmt"/>
        <line num="48" count="2" type="stmt"/>
        <line num="60" count="1" type="stmt"/>
      </file>
      <file name="styles.tsx" path="/Users/diegofernandosaavedralozano/Desktop/PruebaTecnica/pruebaBancoPichincha/ui/screens/ProductListingScreen/styles.tsx">
        <metrics statements="1" coveredstatements="1" conditionals="0" coveredconditionals="0" methods="0" coveredmethods="0"/>
        <line num="4" count="1" type="stmt"/>
      </file>
    </package>
    <package name="ui.screens.ProductListingScreen.components">
      <metrics statements="13" coveredstatements="6" conditionals="2" coveredconditionals="1" methods="7" coveredmethods="2"/>
      <file name="EmptyProducts.tsx" path="/Users/diegofernandosaavedralozano/Desktop/PruebaTecnica/pruebaBancoPichincha/ui/screens/ProductListingScreen/components/EmptyProducts.tsx">
        <metrics statements="2" coveredstatements="1" conditionals="0" coveredconditionals="0" methods="1" coveredmethods="0"/>
        <line num="6" count="1" type="stmt"/>
        <line num="7" count="0" type="stmt"/>
      </file>
      <file name="SkeletonLoader.tsx" path="/Users/diegofernandosaavedralozano/Desktop/PruebaTecnica/pruebaBancoPichincha/ui/screens/ProductListingScreen/components/SkeletonLoader.tsx">
        <metrics statements="7" coveredstatements="2" conditionals="0" coveredconditionals="0" methods="3" coveredmethods="0"/>
        <line num="4" count="1" type="stmt"/>
        <line num="5" count="0" type="stmt"/>
        <line num="7" count="0" type="stmt"/>
        <line num="8" count="0" type="stmt"/>
        <line num="24" count="0" type="stmt"/>
        <line num="27" count="0" type="stmt"/>
        <line num="38" count="1" type="stmt"/>
      </file>
      <file name="render.tsx" path="/Users/diegofernandosaavedralozano/Desktop/PruebaTecnica/pruebaBancoPichincha/ui/screens/ProductListingScreen/components/render.tsx">
        <metrics statements="4" coveredstatements="3" conditionals="2" coveredconditionals="1" methods="3" coveredmethods="2"/>
        <line num="13" count="1" type="stmt"/>
        <line num="14" count="2" type="stmt"/>
        <line num="15" count="2" type="stmt"/>
        <line num="20" count="0" type="stmt"/>
      </file>
    </package>
    <package name="ui.validation">
      <metrics statements="5" coveredstatements="5" conditionals="0" coveredconditionals="0" methods="0" coveredmethods="0"/>
      <file name="AddProductValidation.ts" path="/Users/diegofernandosaavedralozano/Desktop/PruebaTecnica/pruebaBancoPichincha/ui/validation/AddProductValidation.ts">
        <metrics statements="1" coveredstatements="1" conditionals="0" coveredconditionals="0" methods="0" coveredmethods="0"/>
        <line num="8" count="1" type="stmt"/>
      </file>
      <file name="EditProductValidation.ts" path="/Users/diegofernandosaavedralozano/Desktop/PruebaTecnica/pruebaBancoPichincha/ui/validation/EditProductValidation.ts">
        <metrics statements="1" coveredstatements="1" conditionals="0" coveredconditionals="0" methods="0" coveredmethods="0"/>
        <line num="8" count="1" type="stmt"/>
      </file>
      <file name="ProductValidation.ts" path="/Users/diegofernandosaavedralozano/Desktop/PruebaTecnica/pruebaBancoPichincha/ui/validation/ProductValidation.ts">
        <metrics statements="3" coveredstatements="3" conditionals="0" coveredconditionals="0" methods="0" coveredmethods="0"/>
        <line num="3" count="1" type="stmt"/>
        <line num="8" count="1" type="stmt"/>
        <line num="13" count="1" type="stmt"/>
      </file>
    </package>
  </project>
</coverage>
