{"/Users/diegofernandosaavedralozano/Desktop/PruebaTecnica/pruebaBancoPichincha/data/models/FinancialProductModel.ts": {"path":"/Users/diegofernandosaavedralozano/Desktop/PruebaTecnica/pruebaBancoPichincha/data/models/FinancialProductModel.ts","statementMap":{"0":{"start":{"line":26,"column":4},"end":{"line":26,"column":17}},"1":{"start":{"line":27,"column":4},"end":{"line":27,"column":21}},"2":{"start":{"line":28,"column":4},"end":{"line":28,"column":35}},"3":{"start":{"line":29,"column":4},"end":{"line":29,"column":21}},"4":{"start":{"line":30,"column":4},"end":{"line":30,"column":37}},"5":{"start":{"line":31,"column":4},"end":{"line":31,"column":39}},"6":{"start":{"line":35,"column":4},"end":{"line":42,"column":7}}},"fnMap":{"0":{"name":"(anonymous_0)","decl":{"start":{"line":18,"column":2},"end":{"line":18,"column":3}},"loc":{"start":{"line":25,"column":34},"end":{"line":32,"column":3}},"line":25},"1":{"name":"(anonymous_1)","decl":{"start":{"line":34,"column":2},"end":{"line":34,"column":3}},"loc":{"start":{"line":34,"column":47},"end":{"line":43,"column":3}},"line":34}},"branchMap":{},"s":{"0":2,"1":2,"2":2,"3":2,"4":2,"5":2,"6":1},"f":{"0":2,"1":1},"b":{},"_coverageSchema":"1a1c01bbd47fc00a2c39e90264f33305004495a9","hash":"580d0e62f7ef94d0d324a109a54fb2b70d0ee544"}
,"/Users/diegofernandosaavedralozano/Desktop/PruebaTecnica/pruebaBancoPichincha/ui/assets/close.png": {"path":"/Users/diegofernandosaavedralozano/Desktop/PruebaTecnica/pruebaBancoPichincha/ui/assets/close.png","statementMap":{"0":{"start":{"line":1,"column":0},"end":{"line":1,"column":19}}},"fnMap":{},"branchMap":{},"s":{"0":1},"f":{},"b":{},"_coverageSchema":"1a1c01bbd47fc00a2c39e90264f33305004495a9","hash":"47aa63c7070d2ec59df64eb8bcb3e0bc8f3444b1"}
,"/Users/diegofernandosaavedralozano/Desktop/PruebaTecnica/pruebaBancoPichincha/ui/assets/rightArrow.png": {"path":"/Users/diegofernandosaavedralozano/Desktop/PruebaTecnica/pruebaBancoPichincha/ui/assets/rightArrow.png","statementMap":{"0":{"start":{"line":1,"column":0},"end":{"line":1,"column":19}}},"fnMap":{},"branchMap":{},"s":{"0":1},"f":{},"b":{},"_coverageSchema":"1a1c01bbd47fc00a2c39e90264f33305004495a9","hash":"996aa1e73e3ad6fef7dec1c981549a3e65bc0f44"}
,"/Users/diegofernandosaavedralozano/Desktop/PruebaTecnica/pruebaBancoPichincha/ui/components/DatePickerInput/index.tsx": {"path":"/Users/diegofernandosaavedralozano/Desktop/PruebaTecnica/pruebaBancoPichincha/ui/components/DatePickerInput/index.tsx","statementMap":{"0":{"start":{"line":6,"column":24},"end":{"line":43,"column":1}},"1":{"start":{"line":7,"column":26},"end":{"line":7,"column":41}},"2":{"start":{"line":9,"column":27},"end":{"line":15,"column":3}},"3":{"start":{"line":10,"column":4},"end":{"line":10,"column":19}},"4":{"start":{"line":11,"column":4},"end":{"line":14,"column":5}},"5":{"start":{"line":12,"column":28},"end":{"line":12,"column":68}},"6":{"start":{"line":13,"column":6},"end":{"line":13,"column":36}},"7":{"start":{"line":17,"column":20},"end":{"line":17,"column":56}},"8":{"start":{"line":19,"column":2},"end":{"line":42,"column":4}},"9":{"start":{"line":26,"column":28},"end":{"line":26,"column":41}}},"fnMap":{"0":{"name":"(anonymous_0)","decl":{"start":{"line":6,"column":24},"end":{"line":6,"column":25}},"loc":{"start":{"line":6,"column":72},"end":{"line":43,"column":1}},"line":6},"1":{"name":"(anonymous_1)","decl":{"start":{"line":9,"column":27},"end":{"line":9,"column":28}},"loc":{"start":{"line":9,"column":52},"end":{"line":15,"column":3}},"line":9},"2":{"name":"(anonymous_2)","decl":{"start":{"line":26,"column":22},"end":{"line":26,"column":23}},"loc":{"start":{"line":26,"column":28},"end":{"line":26,"column":41}},"line":26}},"branchMap":{"0":{"loc":{"start":{"line":11,"column":4},"end":{"line":14,"column":5}},"type":"if","locations":[{"start":{"line":11,"column":4},"end":{"line":14,"column":5}},{"start":{},"end":{}}],"line":11},"1":{"loc":{"start":{"line":17,"column":20},"end":{"line":17,"column":56}},"type":"cond-expr","locations":[{"start":{"line":17,"column":28},"end":{"line":17,"column":43}},{"start":{"line":17,"column":46},"end":{"line":17,"column":56}}],"line":17},"2":{"loc":{"start":{"line":24,"column":21},"end":{"line":24,"column":79}},"type":"cond-expr","locations":[{"start":{"line":24,"column":47},"end":{"line":24,"column":61}},{"start":{"line":24,"column":64},"end":{"line":24,"column":79}}],"line":24},"3":{"loc":{"start":{"line":29,"column":7},"end":{"line":29,"column":76}},"type":"cond-expr","locations":[{"start":{"line":29,"column":27},"end":{"line":29,"column":69}},{"start":{"line":29,"column":72},"end":{"line":29,"column":76}}],"line":29},"4":{"loc":{"start":{"line":29,"column":7},"end":{"line":29,"column":24}},"type":"binary-expr","locations":[{"start":{"line":29,"column":7},"end":{"line":29,"column":14}},{"start":{"line":29,"column":18},"end":{"line":29,"column":24}}],"line":29},"5":{"loc":{"start":{"line":31,"column":7},"end":{"line":40,"column":7}},"type":"binary-expr","locations":[{"start":{"line":31,"column":7},"end":{"line":31,"column":11}},{"start":{"line":32,"column":8},"end":{"line":39,"column":10}}],"line":31},"6":{"loc":{"start":{"line":35,"column":19},"end":{"line":35,"column":64}},"type":"cond-expr","locations":[{"start":{"line":35,"column":43},"end":{"line":35,"column":52}},{"start":{"line":35,"column":55},"end":{"line":35,"column":64}}],"line":35}},"s":{"0":1,"1":2,"2":2,"3":0,"4":0,"5":0,"6":0,"7":2,"8":2,"9":0},"f":{"0":2,"1":0,"2":0},"b":{"0":[0,0],"1":[2,0],"2":[2,0],"3":[0,2],"4":[2,1],"5":[2,0],"6":[0,0]},"_coverageSchema":"1a1c01bbd47fc00a2c39e90264f33305004495a9","hash":"50c83834ab2bb6242ef6ad9d3c61749a5bb7d417"}
,"/Users/diegofernandosaavedralozano/Desktop/PruebaTecnica/pruebaBancoPichincha/ui/components/DatePickerInput/styles.tsx": {"path":"/Users/diegofernandosaavedralozano/Desktop/PruebaTecnica/pruebaBancoPichincha/ui/components/DatePickerInput/styles.tsx","statementMap":{"0":{"start":{"line":3,"column":22},"end":{"line":15,"column":2}}},"fnMap":{},"branchMap":{},"s":{"0":1},"f":{},"b":{},"_coverageSchema":"1a1c01bbd47fc00a2c39e90264f33305004495a9","hash":"08ff8ea567348d4055f32091724e8310f560abcf"}
,"/Users/diegofernandosaavedralozano/Desktop/PruebaTecnica/pruebaBancoPichincha/ui/components/DeleteProductModal/index.tsx": {"path":"/Users/diegofernandosaavedralozano/Desktop/PruebaTecnica/pruebaBancoPichincha/ui/components/DeleteProductModal/index.tsx","statementMap":{"0":{"start":{"line":18,"column":27},"end":{"line":102,"column":1}},"1":{"start":{"line":25,"column":36},"end":{"line":25,"column":63}},"2":{"start":{"line":26,"column":20},"end":{"line":26,"column":57}},"3":{"start":{"line":28,"column":2},"end":{"line":42,"column":27}},"4":{"start":{"line":29,"column":4},"end":{"line":41,"column":5}},"5":{"start":{"line":30,"column":6},"end":{"line":34,"column":17}},"6":{"start":{"line":36,"column":6},"end":{"line":40,"column":17}},"7":{"start":{"line":44,"column":20},"end":{"line":48,"column":3}},"8":{"start":{"line":45,"column":4},"end":{"line":45,"column":22}},"9":{"start":{"line":46,"column":4},"end":{"line":46,"column":57}},"10":{"start":{"line":47,"column":4},"end":{"line":47,"column":29}},"11":{"start":{"line":50,"column":19},"end":{"line":52,"column":3}},"12":{"start":{"line":51,"column":4},"end":{"line":51,"column":22}},"13":{"start":{"line":54,"column":25},"end":{"line":64,"column":3}},"14":{"start":{"line":66,"column":2},"end":{"line":101,"column":4}},"15":{"start":{"line":71,"column":43},"end":{"line":71,"column":47}}},"fnMap":{"0":{"name":"(anonymous_0)","decl":{"start":{"line":18,"column":27},"end":{"line":18,"column":28}},"loc":{"start":{"line":24,"column":31},"end":{"line":102,"column":1}},"line":24},"1":{"name":"(anonymous_1)","decl":{"start":{"line":28,"column":12},"end":{"line":28,"column":13}},"loc":{"start":{"line":28,"column":18},"end":{"line":42,"column":3}},"line":28},"2":{"name":"(anonymous_2)","decl":{"start":{"line":44,"column":20},"end":{"line":44,"column":21}},"loc":{"start":{"line":44,"column":26},"end":{"line":48,"column":3}},"line":44},"3":{"name":"(anonymous_3)","decl":{"start":{"line":50,"column":19},"end":{"line":50,"column":20}},"loc":{"start":{"line":50,"column":25},"end":{"line":52,"column":3}},"line":50},"4":{"name":"(anonymous_4)","decl":{"start":{"line":71,"column":37},"end":{"line":71,"column":38}},"loc":{"start":{"line":71,"column":43},"end":{"line":71,"column":47}},"line":71}},"branchMap":{"0":{"loc":{"start":{"line":29,"column":4},"end":{"line":41,"column":5}},"type":"if","locations":[{"start":{"line":29,"column":4},"end":{"line":41,"column":5}},{"start":{"line":35,"column":11},"end":{"line":41,"column":5}}],"line":29}},"s":{"0":1,"1":2,"2":2,"3":2,"4":2,"5":2,"6":0,"7":2,"8":0,"9":0,"10":0,"11":2,"12":1,"13":2,"14":2,"15":0},"f":{"0":2,"1":2,"2":0,"3":1,"4":0},"b":{"0":[2,0]},"_coverageSchema":"1a1c01bbd47fc00a2c39e90264f33305004495a9","hash":"9aa9423cc32713c0cba5db1f0d0cde7d18938a72"}
,"/Users/diegofernandosaavedralozano/Desktop/PruebaTecnica/pruebaBancoPichincha/ui/components/DeleteProductModal/styles.tsx": {"path":"/Users/diegofernandosaavedralozano/Desktop/PruebaTecnica/pruebaBancoPichincha/ui/components/DeleteProductModal/styles.tsx","statementMap":{"0":{"start":{"line":4,"column":22},"end":{"line":45,"column":2}}},"fnMap":{},"branchMap":{},"s":{"0":1},"f":{},"b":{},"_coverageSchema":"1a1c01bbd47fc00a2c39e90264f33305004495a9","hash":"222d2a87d407390fd29ab24c4d08bd74dc95a2c4"}
,"/Users/diegofernandosaavedralozano/Desktop/PruebaTecnica/pruebaBancoPichincha/ui/components/ProductForm/index.tsx": {"path":"/Users/diegofernandosaavedralozano/Desktop/PruebaTecnica/pruebaBancoPichincha/ui/components/ProductForm/index.tsx","statementMap":{"0":{"start":{"line":12,"column":20},"end":{"line":19,"column":1}},"1":{"start":{"line":21,"column":20},"end":{"line":113,"column":1}},"2":{"start":{"line":22,"column":2},"end":{"line":112,"column":4}},"3":{"start":{"line":38,"column":8},"end":{"line":109,"column":15}},"4":{"start":{"line":41,"column":36},"end":{"line":41,"column":66}},"5":{"start":{"line":42,"column":14},"end":{"line":44,"column":15}},"6":{"start":{"line":43,"column":16},"end":{"line":43,"column":44}},"7":{"start":{"line":46,"column":31},"end":{"line":46,"column":49}},"8":{"start":{"line":47,"column":14},"end":{"line":52,"column":15}},"9":{"start":{"line":51,"column":16},"end":{"line":51,"column":63}},"10":{"start":{"line":53,"column":35},"end":{"line":53,"column":53}},"11":{"start":{"line":55,"column":16},"end":{"line":57,"column":22}},"12":{"start":{"line":59,"column":14},"end":{"line":96,"column":16}},"13":{"start":{"line":86,"column":24},"end":{"line":86,"column":51}},"14":{"start":{"line":87,"column":41},"end":{"line":87,"column":56}},"15":{"start":{"line":88,"column":24},"end":{"line":88,"column":73}},"16":{"start":{"line":89,"column":24},"end":{"line":89,"column":65}}},"fnMap":{"0":{"name":"(anonymous_0)","decl":{"start":{"line":21,"column":20},"end":{"line":21,"column":21}},"loc":{"start":{"line":21,"column":71},"end":{"line":113,"column":1}},"line":21},"1":{"name":"(anonymous_1)","decl":{"start":{"line":28,"column":7},"end":{"line":28,"column":8}},"loc":{"start":{"line":38,"column":8},"end":{"line":109,"column":15}},"line":38},"2":{"name":"(anonymous_2)","decl":{"start":{"line":40,"column":29},"end":{"line":40,"column":30}},"loc":{"start":{"line":40,"column":40},"end":{"line":97,"column":13}},"line":40},"3":{"name":"(anonymous_3)","decl":{"start":{"line":85,"column":32},"end":{"line":85,"column":33}},"loc":{"start":{"line":85,"column":49},"end":{"line":90,"column":23}},"line":85}},"branchMap":{"0":{"loc":{"start":{"line":21,"column":48},"end":{"line":21,"column":64}},"type":"default-arg","locations":[{"start":{"line":21,"column":60},"end":{"line":21,"column":64}}],"line":21},"1":{"loc":{"start":{"line":26,"column":24},"end":{"line":26,"column":72}},"type":"cond-expr","locations":[{"start":{"line":26,"column":36},"end":{"line":26,"column":52}},{"start":{"line":26,"column":55},"end":{"line":26,"column":72}}],"line":26},"2":{"loc":{"start":{"line":42,"column":14},"end":{"line":44,"column":15}},"type":"if","locations":[{"start":{"line":42,"column":14},"end":{"line":44,"column":15}},{"start":{},"end":{}}],"line":42},"3":{"loc":{"start":{"line":47,"column":14},"end":{"line":52,"column":15}},"type":"if","locations":[{"start":{"line":47,"column":14},"end":{"line":52,"column":15}},{"start":{},"end":{}}],"line":47},"4":{"loc":{"start":{"line":48,"column":16},"end":{"line":49,"column":50}},"type":"binary-expr","locations":[{"start":{"line":48,"column":16},"end":{"line":48,"column":46}},{"start":{"line":49,"column":16},"end":{"line":49,"column":50}}],"line":48},"5":{"loc":{"start":{"line":55,"column":16},"end":{"line":57,"column":22}},"type":"cond-expr","locations":[{"start":{"line":56,"column":20},"end":{"line":56,"column":43}},{"start":{"line":57,"column":20},"end":{"line":57,"column":22}}],"line":55},"6":{"loc":{"start":{"line":55,"column":16},"end":{"line":55,"column":51}},"type":"binary-expr","locations":[{"start":{"line":55,"column":16},"end":{"line":55,"column":35}},{"start":{"line":55,"column":39},"end":{"line":55,"column":51}}],"line":55},"7":{"loc":{"start":{"line":61,"column":19},"end":{"line":80,"column":19}},"type":"binary-expr","locations":[{"start":{"line":61,"column":19},"end":{"line":61,"column":41}},{"start":{"line":62,"column":20},"end":{"line":79,"column":23}}],"line":61},"8":{"loc":{"start":{"line":67,"column":28},"end":{"line":67,"column":62}},"type":"binary-expr","locations":[{"start":{"line":67,"column":28},"end":{"line":67,"column":44}},{"start":{"line":67,"column":48},"end":{"line":67,"column":62}}],"line":67},"9":{"loc":{"start":{"line":75,"column":25},"end":{"line":77,"column":25}},"type":"binary-expr","locations":[{"start":{"line":75,"column":25},"end":{"line":75,"column":44}},{"start":{"line":75,"column":48},"end":{"line":75,"column":66}},{"start":{"line":76,"column":26},"end":{"line":76,"column":78}}],"line":75},"10":{"loc":{"start":{"line":81,"column":19},"end":{"line":94,"column":19}},"type":"binary-expr","locations":[{"start":{"line":81,"column":19},"end":{"line":81,"column":40}},{"start":{"line":81,"column":44},"end":{"line":81,"column":73}},{"start":{"line":82,"column":20},"end":{"line":93,"column":22}}],"line":81}},"s":{"0":1,"1":1,"2":1,"3":1,"4":6,"5":6,"6":1,"7":6,"8":6,"9":0,"10":6,"11":6,"12":6,"13":0,"14":0,"15":0,"16":0},"f":{"0":1,"1":1,"2":6,"3":0},"b":{"0":[0],"1":[1,0],"2":[1,5],"3":[0,6],"4":[6,1],"5":[0,6],"6":[6,0],"7":[6,5],"8":[5,1],"9":[5,0,0],"10":[6,1,1]},"_coverageSchema":"1a1c01bbd47fc00a2c39e90264f33305004495a9","hash":"3b9be01293f17c8fa061ccdb061aadd46138f964"}
,"/Users/diegofernandosaavedralozano/Desktop/PruebaTecnica/pruebaBancoPichincha/ui/components/ProductForm/styles.tsx": {"path":"/Users/diegofernandosaavedralozano/Desktop/PruebaTecnica/pruebaBancoPichincha/ui/components/ProductForm/styles.tsx","statementMap":{"0":{"start":{"line":3,"column":22},"end":{"line":39,"column":2}}},"fnMap":{},"branchMap":{},"s":{"0":1},"f":{},"b":{},"_coverageSchema":"1a1c01bbd47fc00a2c39e90264f33305004495a9","hash":"6f487127bf400ab683e8771a05b8a3a5255c417d"}
,"/Users/diegofernandosaavedralozano/Desktop/PruebaTecnica/pruebaBancoPichincha/ui/components/StyledButton/index.tsx": {"path":"/Users/diegofernandosaavedralozano/Desktop/PruebaTecnica/pruebaBancoPichincha/ui/components/StyledButton/index.tsx","statementMap":{"0":{"start":{"line":10,"column":28},"end":{"line":21,"column":1}},"1":{"start":{"line":11,"column":2},"end":{"line":20,"column":9}},"2":{"start":{"line":23,"column":15},"end":{"line":35,"column":2}}},"fnMap":{"0":{"name":"(anonymous_0)","decl":{"start":{"line":10,"column":28},"end":{"line":10,"column":29}},"loc":{"start":{"line":11,"column":2},"end":{"line":20,"column":9}},"line":11}},"branchMap":{"0":{"loc":{"start":{"line":14,"column":25},"end":{"line":14,"column":57}},"type":"binary-expr","locations":[{"start":{"line":14,"column":25},"end":{"line":14,"column":30}},{"start":{"line":14,"column":34},"end":{"line":14,"column":57}}],"line":14}},"s":{"0":5,"1":14,"2":5},"f":{"0":14},"b":{"0":[14,7]},"_coverageSchema":"1a1c01bbd47fc00a2c39e90264f33305004495a9","hash":"27f244d18ff86f9f1319d4aed6f73e0e41f44b8b"}
,"/Users/diegofernandosaavedralozano/Desktop/PruebaTecnica/pruebaBancoPichincha/ui/constants/colors.ts": {"path":"/Users/diegofernandosaavedralozano/Desktop/PruebaTecnica/pruebaBancoPichincha/ui/constants/colors.ts","statementMap":{"0":{"start":{"line":1,"column":22},"end":{"line":7,"column":1}}},"fnMap":{},"branchMap":{},"s":{"0":5},"f":{},"b":{},"_coverageSchema":"1a1c01bbd47fc00a2c39e90264f33305004495a9","hash":"40f17bb79e8aa976d3cf5b62956f88e9d9408d5c"}
,"/Users/diegofernandosaavedralozano/Desktop/PruebaTecnica/pruebaBancoPichincha/ui/navigation/NavigationRoutes.ts": {"path":"/Users/diegofernandosaavedralozano/Desktop/PruebaTecnica/pruebaBancoPichincha/ui/navigation/NavigationRoutes.ts","statementMap":{},"fnMap":{},"branchMap":{},"s":{},"f":{},"b":{},"_coverageSchema":"1a1c01bbd47fc00a2c39e90264f33305004495a9","hash":"387c0263abdf9e97025d12ba56c8ce7f67178457"}
,"/Users/diegofernandosaavedralozano/Desktop/PruebaTecnica/pruebaBancoPichincha/ui/screens/ProductDetailScreen/index.tsx": {"path":"/Users/diegofernandosaavedralozano/Desktop/PruebaTecnica/pruebaBancoPichincha/ui/screens/ProductDetailScreen/index.tsx","statementMap":{"0":{"start":{"line":11,"column":28},"end":{"line":89,"column":1}},"1":{"start":{"line":15,"column":24},"end":{"line":15,"column":36}},"2":{"start":{"line":16,"column":29},"end":{"line":16,"column":51}},"3":{"start":{"line":18,"column":58},"end":{"line":18,"column":73}},"4":{"start":{"line":20,"column":18},"end":{"line":20,"column":58}},"5":{"start":{"line":20,"column":39},"end":{"line":20,"column":57}},"6":{"start":{"line":22,"column":2},"end":{"line":28,"column":3}},"7":{"start":{"line":23,"column":4},"end":{"line":27,"column":6}},"8":{"start":{"line":31,"column":4},"end":{"line":33,"column":45}},"9":{"start":{"line":36,"column":4},"end":{"line":38,"column":46}},"10":{"start":{"line":40,"column":2},"end":{"line":88,"column":4}},"11":{"start":{"line":59,"column":12},"end":{"line":68,"column":14}},"12":{"start":{"line":76,"column":25},"end":{"line":76,"column":54}},"13":{"start":{"line":91,"column":18},"end":{"line":96,"column":1}},"14":{"start":{"line":92,"column":2},"end":{"line":95,"column":9}}},"fnMap":{"0":{"name":"(anonymous_0)","decl":{"start":{"line":11,"column":28},"end":{"line":11,"column":29}},"loc":{"start":{"line":14,"column":52},"end":{"line":89,"column":1}},"line":14},"1":{"name":"(anonymous_1)","decl":{"start":{"line":20,"column":32},"end":{"line":20,"column":33}},"loc":{"start":{"line":20,"column":39},"end":{"line":20,"column":57}},"line":20},"2":{"name":"(anonymous_2)","decl":{"start":{"line":58,"column":19},"end":{"line":58,"column":20}},"loc":{"start":{"line":59,"column":12},"end":{"line":68,"column":14}},"line":59},"3":{"name":"(anonymous_3)","decl":{"start":{"line":76,"column":19},"end":{"line":76,"column":20}},"loc":{"start":{"line":76,"column":25},"end":{"line":76,"column":54}},"line":76},"4":{"name":"(anonymous_4)","decl":{"start":{"line":91,"column":18},"end":{"line":91,"column":19}},"loc":{"start":{"line":92,"column":2},"end":{"line":95,"column":9}},"line":92}},"branchMap":{"0":{"loc":{"start":{"line":22,"column":2},"end":{"line":28,"column":3}},"type":"if","locations":[{"start":{"line":22,"column":2},"end":{"line":28,"column":3}},{"start":{},"end":{}}],"line":22},"1":{"loc":{"start":{"line":31,"column":4},"end":{"line":33,"column":45}},"type":"cond-expr","locations":[{"start":{"line":32,"column":8},"end":{"line":32,"column":29}},{"start":{"line":33,"column":8},"end":{"line":33,"column":45}}],"line":31},"2":{"loc":{"start":{"line":36,"column":4},"end":{"line":38,"column":46}},"type":"cond-expr","locations":[{"start":{"line":37,"column":8},"end":{"line":37,"column":30}},{"start":{"line":38,"column":8},"end":{"line":38,"column":46}}],"line":36},"3":{"loc":{"start":{"line":48,"column":9},"end":{"line":50,"column":9}},"type":"binary-expr","locations":[{"start":{"line":48,"column":9},"end":{"line":48,"column":22}},{"start":{"line":49,"column":10},"end":{"line":49,"column":79}}],"line":48}},"s":{"0":1,"1":2,"2":2,"3":2,"4":2,"5":2,"6":2,"7":0,"8":2,"9":2,"10":2,"11":1,"12":1,"13":1,"14":10},"f":{"0":2,"1":2,"2":1,"3":1,"4":10},"b":{"0":[0,2],"1":[0,2],"2":[0,2],"3":[2,2]},"_coverageSchema":"1a1c01bbd47fc00a2c39e90264f33305004495a9","hash":"b9ff1c887e315d969b20fa6634370d5fb8b554da"}
,"/Users/diegofernandosaavedralozano/Desktop/PruebaTecnica/pruebaBancoPichincha/ui/screens/ProductDetailScreen/styles.tsx": {"path":"/Users/diegofernandosaavedralozano/Desktop/PruebaTecnica/pruebaBancoPichincha/ui/screens/ProductDetailScreen/styles.tsx","statementMap":{"0":{"start":{"line":3,"column":22},"end":{"line":60,"column":2}}},"fnMap":{},"branchMap":{},"s":{"0":1},"f":{},"b":{},"_coverageSchema":"1a1c01bbd47fc00a2c39e90264f33305004495a9","hash":"7759dcb55cb965953b52b5d272cc6740664852e8"}
,"/Users/diegofernandosaavedralozano/Desktop/PruebaTecnica/pruebaBancoPichincha/ui/screens/ProductListingScreen/index.tsx": {"path":"/Users/diegofernandosaavedralozano/Desktop/PruebaTecnica/pruebaBancoPichincha/ui/screens/ProductListingScreen/index.tsx","statementMap":{"0":{"start":{"line":15,"column":4},"end":{"line":66,"column":1}},"1":{"start":{"line":16,"column":40},"end":{"line":16,"column":52}},"2":{"start":{"line":17,"column":47},"end":{"line":17,"column":69}},"3":{"start":{"line":19,"column":23},"end":{"line":21,"column":3}},"4":{"start":{"line":20,"column":4},"end":{"line":20,"column":26}},"5":{"start":{"line":23,"column":2},"end":{"line":25,"column":3}},"6":{"start":{"line":24,"column":4},"end":{"line":24,"column":47}},"7":{"start":{"line":27,"column":2},"end":{"line":65,"column":4}},"8":{"start":{"line":42,"column":14},"end":{"line":43,"column":75}},"9":{"start":{"line":45,"column":36},"end":{"line":45,"column":68}},"10":{"start":{"line":46,"column":34},"end":{"line":46,"column":41}},"11":{"start":{"line":48,"column":12},"end":{"line":53,"column":14}},"12":{"start":{"line":60,"column":25},"end":{"line":60,"column":73}}},"fnMap":{"0":{"name":"(anonymous_0)","decl":{"start":{"line":15,"column":4},"end":{"line":15,"column":5}},"loc":{"start":{"line":15,"column":24},"end":{"line":66,"column":1}},"line":15},"1":{"name":"(anonymous_1)","decl":{"start":{"line":19,"column":23},"end":{"line":19,"column":24}},"loc":{"start":{"line":19,"column":42},"end":{"line":21,"column":3}},"line":19},"2":{"name":"(anonymous_2)","decl":{"start":{"line":41,"column":12},"end":{"line":41,"column":13}},"loc":{"start":{"line":42,"column":14},"end":{"line":43,"column":75}},"line":42},"3":{"name":"(anonymous_3)","decl":{"start":{"line":45,"column":22},"end":{"line":45,"column":23}},"loc":{"start":{"line":45,"column":36},"end":{"line":45,"column":68}},"line":45},"4":{"name":"(anonymous_4)","decl":{"start":{"line":46,"column":24},"end":{"line":46,"column":25}},"loc":{"start":{"line":46,"column":34},"end":{"line":46,"column":41}},"line":46},"5":{"name":"(anonymous_5)","decl":{"start":{"line":47,"column":31},"end":{"line":47,"column":32}},"loc":{"start":{"line":48,"column":12},"end":{"line":53,"column":14}},"line":48},"6":{"name":"(anonymous_6)","decl":{"start":{"line":60,"column":19},"end":{"line":60,"column":20}},"loc":{"start":{"line":60,"column":25},"end":{"line":60,"column":73}},"line":60}},"branchMap":{"0":{"loc":{"start":{"line":23,"column":2},"end":{"line":25,"column":3}},"type":"if","locations":[{"start":{"line":23,"column":2},"end":{"line":25,"column":3}},{"start":{},"end":{}}],"line":23},"1":{"loc":{"start":{"line":36,"column":7},"end":{"line":57,"column":7}},"type":"cond-expr","locations":[{"start":{"line":37,"column":8},"end":{"line":37,"column":26}},{"start":{"line":39,"column":8},"end":{"line":56,"column":10}}],"line":36},"2":{"loc":{"start":{"line":42,"column":14},"end":{"line":43,"column":75}},"type":"binary-expr","locations":[{"start":{"line":42,"column":14},"end":{"line":42,"column":77}},{"start":{"line":43,"column":14},"end":{"line":43,"column":75}}],"line":42}},"s":{"0":1,"1":2,"2":2,"3":2,"4":1,"5":2,"6":0,"7":2,"8":2,"9":2,"10":3,"11":2,"12":1},"f":{"0":2,"1":1,"2":2,"3":2,"4":3,"5":2,"6":1},"b":{"0":[0,2],"1":[0,2],"2":[2,0]},"_coverageSchema":"1a1c01bbd47fc00a2c39e90264f33305004495a9","hash":"34c397d4a063ba4ad3d8c5bcef8bb5103051ac80"}
,"/Users/diegofernandosaavedralozano/Desktop/PruebaTecnica/pruebaBancoPichincha/ui/screens/ProductListingScreen/styles.tsx": {"path":"/Users/diegofernandosaavedralozano/Desktop/PruebaTecnica/pruebaBancoPichincha/ui/screens/ProductListingScreen/styles.tsx","statementMap":{"0":{"start":{"line":4,"column":22},"end":{"line":46,"column":2}}},"fnMap":{},"branchMap":{},"s":{"0":1},"f":{},"b":{},"_coverageSchema":"1a1c01bbd47fc00a2c39e90264f33305004495a9","hash":"b4c7cd3dd49d106110783f4fe1f566d28987b497"}
,"/Users/diegofernandosaavedralozano/Desktop/PruebaTecnica/pruebaBancoPichincha/ui/screens/ProductListingScreen/components/EmptyProducts.tsx": {"path":"/Users/diegofernandosaavedralozano/Desktop/PruebaTecnica/pruebaBancoPichincha/ui/screens/ProductListingScreen/components/EmptyProducts.tsx","statementMap":{"0":{"start":{"line":6,"column":29},"end":{"line":10,"column":1}},"1":{"start":{"line":7,"column":2},"end":{"line":9,"column":9}}},"fnMap":{"0":{"name":"(anonymous_0)","decl":{"start":{"line":6,"column":29},"end":{"line":6,"column":30}},"loc":{"start":{"line":7,"column":2},"end":{"line":9,"column":9}},"line":7}},"branchMap":{},"s":{"0":1,"1":0},"f":{"0":0},"b":{},"_coverageSchema":"1a1c01bbd47fc00a2c39e90264f33305004495a9","hash":"b74a6c45ccdcab8a368f072bc08c10d825127c3f"}
,"/Users/diegofernandosaavedralozano/Desktop/PruebaTecnica/pruebaBancoPichincha/ui/screens/ProductListingScreen/components/SkeletonLoader.tsx": {"path":"/Users/diegofernandosaavedralozano/Desktop/PruebaTecnica/pruebaBancoPichincha/ui/screens/ProductListingScreen/components/SkeletonLoader.tsx","statementMap":{"0":{"start":{"line":4,"column":23},"end":{"line":36,"column":1}},"1":{"start":{"line":5,"column":20},"end":{"line":5,"column":57}},"2":{"start":{"line":7,"column":2},"end":{"line":22,"column":18}},"3":{"start":{"line":8,"column":4},"end":{"line":21,"column":14}},"4":{"start":{"line":24,"column":2},"end":{"line":35,"column":4}},"5":{"start":{"line":27,"column":8},"end":{"line":32,"column":24}},"6":{"start":{"line":38,"column":15},"end":{"line":56,"column":2}}},"fnMap":{"0":{"name":"(anonymous_0)","decl":{"start":{"line":4,"column":23},"end":{"line":4,"column":24}},"loc":{"start":{"line":4,"column":29},"end":{"line":36,"column":1}},"line":4},"1":{"name":"(anonymous_1)","decl":{"start":{"line":7,"column":12},"end":{"line":7,"column":13}},"loc":{"start":{"line":7,"column":18},"end":{"line":22,"column":3}},"line":7},"2":{"name":"(anonymous_2)","decl":{"start":{"line":26,"column":25},"end":{"line":26,"column":26}},"loc":{"start":{"line":27,"column":8},"end":{"line":32,"column":24}},"line":27}},"branchMap":{},"s":{"0":1,"1":0,"2":0,"3":0,"4":0,"5":0,"6":1},"f":{"0":0,"1":0,"2":0},"b":{},"_coverageSchema":"1a1c01bbd47fc00a2c39e90264f33305004495a9","hash":"5fb4335bfb13fb4c68d635503e9c8aab1dc26783"}
,"/Users/diegofernandosaavedralozano/Desktop/PruebaTecnica/pruebaBancoPichincha/ui/screens/ProductListingScreen/components/render.tsx": {"path":"/Users/diegofernandosaavedralozano/Desktop/PruebaTecnica/pruebaBancoPichincha/ui/screens/ProductListingScreen/components/render.tsx","statementMap":{"0":{"start":{"line":13,"column":26},"end":{"line":34,"column":1}},"1":{"start":{"line":14,"column":2},"end":{"line":33,"column":14}},"2":{"start":{"line":15,"column":28},"end":{"line":18,"column":5}},"3":{"start":{"line":20,"column":6},"end":{"line":22,"column":8}}},"fnMap":{"0":{"name":"(anonymous_0)","decl":{"start":{"line":13,"column":26},"end":{"line":13,"column":27}},"loc":{"start":{"line":14,"column":2},"end":{"line":33,"column":14}},"line":14},"1":{"name":"(anonymous_1)","decl":{"start":{"line":15,"column":11},"end":{"line":15,"column":12}},"loc":{"start":{"line":15,"column":28},"end":{"line":18,"column":5}},"line":15},"2":{"name":"(anonymous_2)","decl":{"start":{"line":19,"column":13},"end":{"line":19,"column":14}},"loc":{"start":{"line":20,"column":6},"end":{"line":22,"column":8}},"line":20}},"branchMap":{"0":{"loc":{"start":{"line":17,"column":25},"end":{"line":17,"column":60}},"type":"cond-expr","locations":[{"start":{"line":17,"column":35},"end":{"line":17,"column":44}},{"start":{"line":17,"column":47},"end":{"line":17,"column":60}}],"line":17}},"s":{"0":1,"1":2,"2":2,"3":0},"f":{"0":2,"1":2,"2":0},"b":{"0":[0,2]},"_coverageSchema":"1a1c01bbd47fc00a2c39e90264f33305004495a9","hash":"8108fc1cfa72a0add03df72534c0d1f8be8f31ff"}
,"/Users/diegofernandosaavedralozano/Desktop/PruebaTecnica/pruebaBancoPichincha/ui/validation/AddProductValidation.ts": {"path":"/Users/diegofernandosaavedralozano/Desktop/PruebaTecnica/pruebaBancoPichincha/ui/validation/AddProductValidation.ts","statementMap":{"0":{"start":{"line":8,"column":32},"end":{"line":15,"column":2}}},"fnMap":{},"branchMap":{},"s":{"0":1},"f":{},"b":{},"_coverageSchema":"1a1c01bbd47fc00a2c39e90264f33305004495a9","hash":"c1796ac7e564ebf9feb983ca778c359f3d7717db"}
,"/Users/diegofernandosaavedralozano/Desktop/PruebaTecnica/pruebaBancoPichincha/ui/validation/EditProductValidation.ts": {"path":"/Users/diegofernandosaavedralozano/Desktop/PruebaTecnica/pruebaBancoPichincha/ui/validation/EditProductValidation.ts","statementMap":{"0":{"start":{"line":8,"column":33},"end":{"line":12,"column":2}}},"fnMap":{},"branchMap":{},"s":{"0":1},"f":{},"b":{},"_coverageSchema":"1a1c01bbd47fc00a2c39e90264f33305004495a9","hash":"9c2875ba8fe04a1ae9297ab7088cf5fdda42966c"}
,"/Users/diegofernandosaavedralozano/Desktop/PruebaTecnica/pruebaBancoPichincha/ui/validation/ProductValidation.ts": {"path":"/Users/diegofernandosaavedralozano/Desktop/PruebaTecnica/pruebaBancoPichincha/ui/validation/ProductValidation.ts","statementMap":{"0":{"start":{"line":3,"column":28},"end":{"line":6,"column":24}},"1":{"start":{"line":8,"column":30},"end":{"line":11,"column":24}},"2":{"start":{"line":13,"column":37},"end":{"line":16,"column":24}}},"fnMap":{},"branchMap":{},"s":{"0":1,"1":1,"2":1},"f":{},"b":{},"_coverageSchema":"1a1c01bbd47fc00a2c39e90264f33305004495a9","hash":"9a93e663bb9e3f773dea0c07d36530ff9614f5c3"}
}
