TN:
SF:data/models/FinancialProductModel.ts
FN:18,(anonymous_0)
FN:34,(anonymous_1)
FNF:2
FNH:2
FNDA:2,(anonymous_0)
FNDA:1,(anonymous_1)
DA:26,2
DA:27,2
DA:28,2
DA:29,2
DA:30,2
DA:31,2
DA:35,1
LF:7
LH:7
BRF:0
BRH:0
end_of_record
TN:
SF:ui/assets/close.png
FNF:0
FNH:0
DA:1,1
LF:1
LH:1
BRF:0
BRH:0
end_of_record
TN:
SF:ui/assets/rightArrow.png
FNF:0
FNH:0
DA:1,1
LF:1
LH:1
BRF:0
BRH:0
end_of_record
TN:
SF:ui/components/DatePickerInput/index.tsx
FN:6,(anonymous_0)
FN:9,(anonymous_1)
FN:26,(anonymous_2)
FNF:3
FNH:1
FNDA:2,(anonymous_0)
FNDA:0,(anonymous_1)
FNDA:0,(anonymous_2)
DA:6,1
DA:7,2
DA:9,2
DA:10,0
DA:11,0
DA:12,0
DA:13,0
DA:17,2
DA:19,2
DA:26,0
LF:10
LH:5
BRDA:11,0,0,0
BRDA:11,0,1,0
BRDA:17,1,0,2
BRDA:17,1,1,0
BRDA:24,2,0,2
BRDA:24,2,1,0
BRDA:29,3,0,0
BRDA:29,3,1,2
BRDA:29,4,0,2
BRDA:29,4,1,1
BRDA:31,5,0,2
BRDA:31,5,1,0
BRDA:35,6,0,0
BRDA:35,6,1,0
BRF:14
BRH:6
end_of_record
TN:
SF:ui/components/DatePickerInput/styles.tsx
FNF:0
FNH:0
DA:3,1
LF:1
LH:1
BRF:0
BRH:0
end_of_record
TN:
SF:ui/components/DeleteProductModal/index.tsx
FN:18,(anonymous_0)
FN:28,(anonymous_1)
FN:44,(anonymous_2)
FN:50,(anonymous_3)
FN:71,(anonymous_4)
FNF:5
FNH:3
FNDA:2,(anonymous_0)
FNDA:2,(anonymous_1)
FNDA:0,(anonymous_2)
FNDA:1,(anonymous_3)
FNDA:0,(anonymous_4)
DA:18,1
DA:25,2
DA:26,2
DA:28,2
DA:29,2
DA:30,2
DA:36,0
DA:44,2
DA:45,0
DA:46,0
DA:47,0
DA:50,2
DA:51,1
DA:54,2
DA:66,2
DA:71,0
LF:16
LH:11
BRDA:29,0,0,2
BRDA:29,0,1,0
BRF:2
BRH:1
end_of_record
TN:
SF:ui/components/DeleteProductModal/styles.tsx
FNF:0
FNH:0
DA:4,1
LF:1
LH:1
BRF:0
BRH:0
end_of_record
TN:
SF:ui/components/ProductForm/index.tsx
FN:21,(anonymous_0)
FN:28,(anonymous_1)
FN:40,(anonymous_2)
FN:85,(anonymous_3)
FNF:4
FNH:3
FNDA:1,(anonymous_0)
FNDA:1,(anonymous_1)
FNDA:6,(anonymous_2)
FNDA:0,(anonymous_3)
DA:12,1
DA:21,1
DA:22,1
DA:38,1
DA:41,6
DA:42,6
DA:43,1
DA:46,6
DA:47,6
DA:51,0
DA:53,6
DA:55,6
DA:59,6
DA:86,0
DA:87,0
DA:88,0
DA:89,0
LF:17
LH:12
BRDA:21,0,0,0
BRDA:26,1,0,1
BRDA:26,1,1,0
BRDA:42,2,0,1
BRDA:42,2,1,5
BRDA:47,3,0,0
BRDA:47,3,1,6
BRDA:48,4,0,6
BRDA:48,4,1,1
BRDA:55,5,0,0
BRDA:55,5,1,6
BRDA:55,6,0,6
BRDA:55,6,1,0
BRDA:61,7,0,6
BRDA:61,7,1,5
BRDA:67,8,0,5
BRDA:67,8,1,1
BRDA:75,9,0,5
BRDA:75,9,1,0
BRDA:75,9,2,0
BRDA:81,10,0,6
BRDA:81,10,1,1
BRDA:81,10,2,1
BRF:23
BRH:16
end_of_record
TN:
SF:ui/components/ProductForm/styles.tsx
FNF:0
FNH:0
DA:3,1
LF:1
LH:1
BRF:0
BRH:0
end_of_record
TN:
SF:ui/components/StyledButton/index.tsx
FN:10,(anonymous_0)
FNF:1
FNH:1
FNDA:14,(anonymous_0)
DA:10,5
DA:11,14
DA:23,5
LF:3
LH:3
BRDA:14,0,0,14
BRDA:14,0,1,7
BRF:2
BRH:2
end_of_record
TN:
SF:ui/constants/colors.ts
FNF:0
FNH:0
DA:1,5
LF:1
LH:1
BRF:0
BRH:0
end_of_record
TN:
SF:ui/navigation/NavigationRoutes.ts
FNF:0
FNH:0
LF:0
LH:0
BRF:0
BRH:0
end_of_record
TN:
SF:ui/screens/ProductDetailScreen/index.tsx
FN:11,(anonymous_0)
FN:20,(anonymous_1)
FN:58,(anonymous_2)
FN:76,(anonymous_3)
FN:91,(anonymous_4)
FNF:5
FNH:5
FNDA:2,(anonymous_0)
FNDA:2,(anonymous_1)
FNDA:1,(anonymous_2)
FNDA:1,(anonymous_3)
FNDA:10,(anonymous_4)
DA:11,1
DA:15,2
DA:16,2
DA:18,2
DA:20,2
DA:22,2
DA:23,0
DA:31,2
DA:36,2
DA:40,2
DA:59,1
DA:76,1
DA:91,1
DA:92,10
LF:14
LH:13
BRDA:22,0,0,0
BRDA:22,0,1,2
BRDA:31,1,0,0
BRDA:31,1,1,2
BRDA:36,2,0,0
BRDA:36,2,1,2
BRDA:48,3,0,2
BRDA:48,3,1,2
BRF:8
BRH:5
end_of_record
TN:
SF:ui/screens/ProductDetailScreen/styles.tsx
FNF:0
FNH:0
DA:3,1
LF:1
LH:1
BRF:0
BRH:0
end_of_record
TN:
SF:ui/screens/ProductListingScreen/index.tsx
FN:15,(anonymous_0)
FN:19,(anonymous_1)
FN:41,(anonymous_2)
FN:45,(anonymous_3)
FN:46,(anonymous_4)
FN:47,(anonymous_5)
FN:60,(anonymous_6)
FNF:7
FNH:7
FNDA:2,(anonymous_0)
FNDA:1,(anonymous_1)
FNDA:2,(anonymous_2)
FNDA:2,(anonymous_3)
FNDA:3,(anonymous_4)
FNDA:2,(anonymous_5)
FNDA:1,(anonymous_6)
DA:15,1
DA:16,2
DA:17,2
DA:19,2
DA:20,1
DA:23,2
DA:24,0
DA:27,2
DA:42,2
DA:45,2
DA:46,3
DA:48,2
DA:60,1
LF:13
LH:12
BRDA:23,0,0,0
BRDA:23,0,1,2
BRDA:36,1,0,0
BRDA:36,1,1,2
BRDA:42,2,0,2
BRDA:42,2,1,0
BRF:6
BRH:3
end_of_record
TN:
SF:ui/screens/ProductListingScreen/styles.tsx
FNF:0
FNH:0
DA:4,1
LF:1
LH:1
BRF:0
BRH:0
end_of_record
TN:
SF:ui/screens/ProductListingScreen/components/EmptyProducts.tsx
FN:6,(anonymous_0)
FNF:1
FNH:0
FNDA:0,(anonymous_0)
DA:6,1
DA:7,0
LF:2
LH:1
BRF:0
BRH:0
end_of_record
TN:
SF:ui/screens/ProductListingScreen/components/SkeletonLoader.tsx
FN:4,(anonymous_0)
FN:7,(anonymous_1)
FN:26,(anonymous_2)
FNF:3
FNH:0
FNDA:0,(anonymous_0)
FNDA:0,(anonymous_1)
FNDA:0,(anonymous_2)
DA:4,1
DA:5,0
DA:7,0
DA:8,0
DA:24,0
DA:27,0
DA:38,1
LF:7
LH:2
BRF:0
BRH:0
end_of_record
TN:
SF:ui/screens/ProductListingScreen/components/render.tsx
FN:13,(anonymous_0)
FN:15,(anonymous_1)
FN:19,(anonymous_2)
FNF:3
FNH:2
FNDA:2,(anonymous_0)
FNDA:2,(anonymous_1)
FNDA:0,(anonymous_2)
DA:13,1
DA:14,2
DA:15,2
DA:20,0
LF:4
LH:3
BRDA:17,0,0,0
BRDA:17,0,1,2
BRF:2
BRH:1
end_of_record
TN:
SF:ui/validation/AddProductValidation.ts
FNF:0
FNH:0
DA:8,1
LF:1
LH:1
BRF:0
BRH:0
end_of_record
TN:
SF:ui/validation/EditProductValidation.ts
FNF:0
FNH:0
DA:8,1
LF:1
LH:1
BRF:0
BRH:0
end_of_record
TN:
SF:ui/validation/ProductValidation.ts
FNF:0
FNH:0
DA:3,1
DA:8,1
DA:13,1
LF:3
LH:3
BRF:0
BRH:0
end_of_record
